{"F:\\hamza work\\myapp\\app.js": {"path":"F:\\hamza work\\myapp\\app.js","statementMap":{"0":{"start":{"line":2,"column":13},"end":{"line":2,"column":28}},"1":{"start":{"line":4,"column":16},"end":{"line":4,"column":34}},"2":{"start":{"line":5,"column":17},"end":{"line":5,"column":36}},"3":{"start":{"line":7,"column":19},"end":{"line":7,"column":41}},"4":{"start":{"line":8,"column":22},"end":{"line":8,"column":55}},"5":{"start":{"line":20,"column":0},"end":{"line":20,"column":34}},"6":{"start":{"line":22,"column":12},"end":{"line":22,"column":21}},"7":{"start":{"line":24,"column":17},"end":{"line":24,"column":52}},"8":{"start":{"line":26,"column":0},"end":{"line":29,"column":26}},"9":{"start":{"line":31,"column":0},"end":{"line":31,"column":27}},"10":{"start":{"line":32,"column":0},"end":{"line":32,"column":51}},"11":{"start":{"line":35,"column":0},"end":{"line":35,"column":36}},"12":{"start":{"line":56,"column":0},"end":{"line":56,"column":21}}},"fnMap":{},"branchMap":{},"s":{"0":1,"1":1,"2":1,"3":1,"4":1,"5":1,"6":1,"7":1,"8":1,"9":1,"10":1,"11":1,"12":1},"f":{},"b":{},"_coverageSchema":"1a1c01bbd47fc00a2c39e90264f33305004495a9","hash":"8dbbccafc87181cbc936127170c1561cea1b0587"}
,"F:\\hamza work\\myapp\\controller\\studentController.js": {"path":"F:\\hamza work\\myapp\\controller\\studentController.js","statementMap":{"0":{"start":{"line":1,"column":16},"end":{"line":1,"column":48}},"1":{"start":{"line":5,"column":0},"end":{"line":20,"column":5}},"2":{"start":{"line":8,"column":24},"end":{"line":8,"column":45}},"3":{"start":{"line":9,"column":23},"end":{"line":19,"column":10}},"4":{"start":{"line":10,"column":12},"end":{"line":18,"column":13}},"5":{"start":{"line":11,"column":16},"end":{"line":11,"column":77}},"6":{"start":{"line":13,"column":18},"end":{"line":18,"column":13}},"7":{"start":{"line":14,"column":16},"end":{"line":14,"column":26}},"8":{"start":{"line":17,"column":16},"end":{"line":17,"column":116}},"9":{"start":{"line":22,"column":0},"end":{"line":36,"column":13}},"10":{"start":{"line":25,"column":23},"end":{"line":35,"column":18}},"11":{"start":{"line":26,"column":20},"end":{"line":34,"column":21}},"12":{"start":{"line":27,"column":24},"end":{"line":27,"column":81}},"13":{"start":{"line":29,"column":26},"end":{"line":34,"column":21}},"14":{"start":{"line":30,"column":24},"end":{"line":30,"column":34}},"15":{"start":{"line":33,"column":24},"end":{"line":33,"column":74}},"16":{"start":{"line":39,"column":0},"end":{"line":49,"column":2}},"17":{"start":{"line":40,"column":19},"end":{"line":48,"column":6}},"18":{"start":{"line":41,"column":8},"end":{"line":44,"column":9}},"19":{"start":{"line":42,"column":12},"end":{"line":42,"column":25}},"20":{"start":{"line":46,"column":8},"end":{"line":46,"column":71}},"21":{"start":{"line":50,"column":0},"end":{"line":62,"column":2}},"22":{"start":{"line":51,"column":19},"end":{"line":61,"column":6}},"23":{"start":{"line":53,"column":8},"end":{"line":56,"column":9}},"24":{"start":{"line":54,"column":12},"end":{"line":54,"column":25}},"25":{"start":{"line":58,"column":8},"end":{"line":58,"column":73}},"26":{"start":{"line":59,"column":8},"end":{"line":59,"column":29}},"27":{"start":{"line":63,"column":0},"end":{"line":72,"column":1}},"28":{"start":{"line":64,"column":19},"end":{"line":71,"column":6}},"29":{"start":{"line":66,"column":8},"end":{"line":68,"column":9}},"30":{"start":{"line":67,"column":12},"end":{"line":67,"column":26}},"31":{"start":{"line":69,"column":8},"end":{"line":69,"column":25}},"32":{"start":{"line":70,"column":8},"end":{"line":70,"column":28}},"33":{"start":{"line":77,"column":0},"end":{"line":77,"column":93}}},"fnMap":{"0":{"name":"(anonymous_0)","decl":{"start":{"line":5,"column":16},"end":{"line":5,"column":17}},"loc":{"start":{"line":5,"column":36},"end":{"line":20,"column":5}},"line":5},"1":{"name":"(anonymous_1)","decl":{"start":{"line":9,"column":46},"end":{"line":9,"column":47}},"loc":{"start":{"line":9,"column":67},"end":{"line":19,"column":9}},"line":9},"2":{"name":"(anonymous_2)","decl":{"start":{"line":22,"column":16},"end":{"line":22,"column":17}},"loc":{"start":{"line":22,"column":39},"end":{"line":36,"column":13}},"line":22},"3":{"name":"(anonymous_3)","decl":{"start":{"line":25,"column":46},"end":{"line":25,"column":47}},"loc":{"start":{"line":25,"column":67},"end":{"line":35,"column":17}},"line":25},"4":{"name":"(anonymous_4)","decl":{"start":{"line":39,"column":16},"end":{"line":39,"column":17}},"loc":{"start":{"line":39,"column":35},"end":{"line":49,"column":1}},"line":39},"5":{"name":"(anonymous_5)","decl":{"start":{"line":40,"column":64},"end":{"line":40,"column":65}},"loc":{"start":{"line":40,"column":78},"end":{"line":48,"column":5}},"line":40},"6":{"name":"(anonymous_6)","decl":{"start":{"line":50,"column":18},"end":{"line":50,"column":19}},"loc":{"start":{"line":50,"column":37},"end":{"line":62,"column":1}},"line":50},"7":{"name":"(anonymous_7)","decl":{"start":{"line":52,"column":10},"end":{"line":52,"column":11}},"loc":{"start":{"line":52,"column":24},"end":{"line":61,"column":5}},"line":52},"8":{"name":"(anonymous_8)","decl":{"start":{"line":63,"column":19},"end":{"line":63,"column":20}},"loc":{"start":{"line":63,"column":38},"end":{"line":72,"column":1}},"line":63},"9":{"name":"(anonymous_9)","decl":{"start":{"line":65,"column":35},"end":{"line":65,"column":36}},"loc":{"start":{"line":65,"column":52},"end":{"line":71,"column":5}},"line":65}},"branchMap":{"0":{"loc":{"start":{"line":10,"column":12},"end":{"line":18,"column":13}},"type":"if","locations":[{"start":{"line":10,"column":12},"end":{"line":18,"column":13}},{"start":{"line":10,"column":12},"end":{"line":18,"column":13}}],"line":10},"1":{"loc":{"start":{"line":13,"column":18},"end":{"line":18,"column":13}},"type":"if","locations":[{"start":{"line":13,"column":18},"end":{"line":18,"column":13}},{"start":{"line":13,"column":18},"end":{"line":18,"column":13}}],"line":13},"2":{"loc":{"start":{"line":26,"column":20},"end":{"line":34,"column":21}},"type":"if","locations":[{"start":{"line":26,"column":20},"end":{"line":34,"column":21}},{"start":{"line":26,"column":20},"end":{"line":34,"column":21}}],"line":26},"3":{"loc":{"start":{"line":29,"column":26},"end":{"line":34,"column":21}},"type":"if","locations":[{"start":{"line":29,"column":26},"end":{"line":34,"column":21}},{"start":{"line":29,"column":26},"end":{"line":34,"column":21}}],"line":29},"4":{"loc":{"start":{"line":41,"column":8},"end":{"line":44,"column":9}},"type":"if","locations":[{"start":{"line":41,"column":8},"end":{"line":44,"column":9}},{"start":{"line":41,"column":8},"end":{"line":44,"column":9}}],"line":41},"5":{"loc":{"start":{"line":53,"column":8},"end":{"line":56,"column":9}},"type":"if","locations":[{"start":{"line":53,"column":8},"end":{"line":56,"column":9}},{"start":{"line":53,"column":8},"end":{"line":56,"column":9}}],"line":53},"6":{"loc":{"start":{"line":66,"column":8},"end":{"line":68,"column":9}},"type":"if","locations":[{"start":{"line":66,"column":8},"end":{"line":68,"column":9}},{"start":{"line":66,"column":8},"end":{"line":68,"column":9}}],"line":66}},"s":{"0":1,"1":1,"2":1,"3":1,"4":1,"5":0,"6":1,"7":0,"8":1,"9":1,"10":1,"11":1,"12":0,"13":1,"14":0,"15":1,"16":1,"17":0,"18":0,"19":0,"20":0,"21":1,"22":0,"23":0,"24":0,"25":0,"26":0,"27":1,"28":0,"29":0,"30":0,"31":0,"32":0,"33":1},"f":{"0":1,"1":1,"2":1,"3":1,"4":0,"5":0,"6":0,"7":0,"8":0,"9":0},"b":{"0":[0,1],"1":[0,1],"2":[0,1],"3":[0,1],"4":[0,0],"5":[0,0],"6":[0,0]},"_coverageSchema":"1a1c01bbd47fc00a2c39e90264f33305004495a9","hash":"f10407076a448370c7089355e2bbb542f0030927"}
,"F:\\hamza work\\myapp\\model\\studentModel.js": {"path":"F:\\hamza work\\myapp\\model\\studentModel.js","statementMap":{"0":{"start":{"line":1,"column":17},"end":{"line":1,"column":36}},"1":{"start":{"line":3,"column":19},"end":{"line":23,"column":2}},"2":{"start":{"line":25,"column":0},"end":{"line":25,"column":54}}},"fnMap":{},"branchMap":{},"s":{"0":1,"1":1,"2":1},"f":{},"b":{},"_coverageSchema":"1a1c01bbd47fc00a2c39e90264f33305004495a9","hash":"e4b71546f000db506c95ad4f2fb13b26d4d2c59b"}
,"F:\\hamza work\\myapp\\routes\\studentRoutes.js": {"path":"F:\\hamza work\\myapp\\routes\\studentRoutes.js","statementMap":{"0":{"start":{"line":1,"column":19},"end":{"line":1,"column":37}},"1":{"start":{"line":3,"column":26},"end":{"line":3,"column":68}},"2":{"start":{"line":5,"column":22},"end":{"line":10,"column":64}},"3":{"start":{"line":15,"column":0},"end":{"line":15,"column":31}}},"fnMap":{},"branchMap":{},"s":{"0":1,"1":1,"2":1,"3":1},"f":{},"b":{},"_coverageSchema":"1a1c01bbd47fc00a2c39e90264f33305004495a9","hash":"a542ef35c3f875e663e27697b9e380723cccd136"}
}
